[0m[[0m[0mdebug[0m] [0m[0m> Exec(run, Some(ca7b259f-6f7e-472b-898d-83c6d7a28261), Some(CommandSource(console0)))[0m
[0m[[0m[0mdebug[0m] [0m[0mEvaluating tasks: Compile / run[0m
[0m[[0m[0mdebug[0m] [0m[0mRunning task... Cancel: Signal, check cycles: false, forcegc: true[0m
[0m[[0m[0mdebug[0m] [0m[0mjsonRpcNotify: JsonRpcNotificationMessage(2.0, build/taskStart, {"taskId":{"id":"96","parents":[]},"eventTime":1643742464722,"message":"Compiling root","dataKind":"compile-task","data":{"target":{"uri":"file:/home/priyoi/Files/Alo/Skype-Searchable-Archive/archive/#root/Compile"}}})[0m
[0m[[0m[0minfo[0m] [0m[0mcompiling 1 Scala source to /home/priyoi/Files/Alo/Skype-Searchable-Archive/archive/target/scala-3.1.0/classes ...[0m
[0m[[0m[0mdebug[0m] [0m[0mjsonRpcNotify: JsonRpcNotificationMessage(2.0, build/logMessage, {"type":3,"message":"compiling 1 Scala source to /home/priyoi/Files/Alo/Skype-Searchable-Archive/archive/target/scala-3.1.0/classes ..."})[0m
[0m[[0m[0mdebug[0m] [0m[0mjsonRpcNotify: JsonRpcNotificationMessage(2.0, build/publishDiagnostics, {"textDocument":{"uri":"file:///home/priyoi/Files/Alo/Skype-Searchable-Archive/archive/src/main/scala/Main.scala"},"buildTarget":{"uri":"file:/home/priyoi/Files/Alo/Skype-Searchable-Archive/archive/#root/Compile"},"diagnostics":[{"range":{"start":{"line":4,"character":7},"end":{"line":4,"character":11}},"severity":1,"source":"sbt","message":"Not found: play"}],"reset":false})[0m
[0m[[0m[31merror[0m] [0m[0m[31m-- [E006] Not Found Error: /home/priyoi/Files/Alo/Skype-Searchable-Archive/archive/src/main/scala/Main.scala:5:7 [0m[0m
[0m[[0m[31merror[0m] [0m[0m[31m5 |[0m[33mimport[0m play.api.libs.json._ [0m
[0m[[0m[31merror[0m] [0m[0m  |       [31m^^^^[0m[0m
[0m[[0m[31merror[0m] [0m[0m  |       Not found: play[0m
[0m[[0m[0mdebug[0m] [0m[0mjsonRpcNotify: JsonRpcNotificationMessage(2.0, build/logMessage, {"type":1,"message":"\u001b[31m-- [E006] Not Found Error: /home/priyoi/Files/Alo/Skype-Searchable-Archive/archive/src/main/scala/Main.scala:5:7 \u001b[0m\n\u001b[31m5 |\u001b[0m\u001b[33mimport\u001b[0m play.api.libs.json._ \n  |       \u001b[31m^^^^\u001b[0m\n  |       Not found: play"})[0m
[0m[[0m[31merror[0m] [0m[0mone error found[0m
[0m[[0m[0mdebug[0m] [0m[0mjsonRpcNotify: JsonRpcNotificationMessage(2.0, build/logMessage, {"type":1,"message":"one error found"})[0m
[0m[[0m[31merror[0m] [0m[0mone error found[0m
[0m[[0m[0mdebug[0m] [0m[0mjsonRpcNotify: JsonRpcNotificationMessage(2.0, build/logMessage, {"type":1,"message":"one error found"})[0m
[0m[[0m[0mdebug[0m] [0m[0mjsonRpcNotify: JsonRpcNotificationMessage(2.0, build/publishDiagnostics, {"textDocument":{"uri":"file:///home/priyoi/Files/Alo/Skype-Searchable-Archive/archive/src/main/scala/jsonparse.scala"},"buildTarget":{"uri":"file:/home/priyoi/Files/Alo/Skype-Searchable-Archive/archive/#root/Compile"},"diagnostics":[],"reset":true})[0m
[0m[[0m[0mdebug[0m] [0m[0mjsonRpcNotify: JsonRpcNotificationMessage(2.0, build/publishDiagnostics, {"textDocument":{"uri":"file:///home/priyoi/Files/Alo/Skype-Searchable-Archive/archive/src/main/scala/Main.scala"},"buildTarget":{"uri":"file:/home/priyoi/Files/Alo/Skype-Searchable-Archive/archive/#root/Compile"},"diagnostics":[{"range":{"start":{"line":4,"character":7},"end":{"line":4,"character":11}},"severity":1,"source":"sbt","message":"Not found: play"}],"reset":true})[0m
[0m[[0m[0mdebug[0m] [0m[0mjsonRpcNotify: JsonRpcNotificationMessage(2.0, build/taskFinish, {"taskId":{"id":"96","parents":[]},"eventTime":1643742464848,"message":"Compiled root","status":2,"dataKind":"compile-report","data":{"target":{"uri":"file:/home/priyoi/Files/Alo/Skype-Searchable-Archive/archive/#root/Compile"},"errors":1,"warnings":0,"time":126}})[0m
[0m[[0m[0mdebug[0m] [0m[0mForcing garbage collection...[0m
[0m[[0m[31merror[0m] [0m[0m(Compile / [31mcompileIncremental[0m) Compilation failed[0m
[0m[[0m[0mdebug[0m] [0m[0mjsonRpcNotify: JsonRpcNotificationMessage(2.0, build/logMessage, {"type":1,"message":"(Compile / \u001b[31mcompileIncremental\u001b[0m) Compilation failed"})[0m
[0m[[0m[31merror[0m] [0m[0mTotal time: 1 s, completed Feb 2, 2022, 1:07:45 AM[0m
[0m[[0m[0mdebug[0m] [0m[0m> Exec(shell, None, None)[0m
