[0m[[0m[0mdebug[0m] [0m[0m> Exec(;Test/compile; collectAnalyses, None, Some(CommandSource(network-1)))[0m
[0m[[0m[0mdebug[0m] [0m[0munmatched Processing event for requestId None: None[0m
[0m[[0m[0mdebug[0m] [0m[0munmatched Done event for requestId None: None[0m
[0m[[0m[0mdebug[0m] [0m[0m> Exec(Test/compile, None, Some(CommandSource(network-1)))[0m
[0m[[0m[0mdebug[0m] [0m[0munmatched Processing event for requestId None: None[0m
[0m[[0m[0mdebug[0m] [0m[0mEvaluating tasks: Test / compile[0m
[0m[[0m[0mdebug[0m] [0m[0mRunning task... Cancel: Signal, check cycles: false, forcegc: true[0m
[0m[[0m[0mdebug[0m] [0m[0mjsonRpcNotify: JsonRpcNotificationMessage(2.0, build/taskStart, {"taskId":{"id":"139","parents":[]},"eventTime":1643312244740,"message":"Compiling root","dataKind":"compile-task","data":{"target":{"uri":"file:/home/priyoi/Files/Alo/Skype-Searchable-Archive/archive/#root/Compile"}}})[0m
[0m[[0m[0minfo[0m] [0m[0mcompiling 2 Scala sources to /home/priyoi/Files/Alo/Skype-Searchable-Archive/archive/target/scala-3.1.0/classes ...[0m
[0m[[0m[0mdebug[0m] [0m[0mjsonRpcNotify: JsonRpcNotificationMessage(2.0, build/logMessage, {"type":3,"message":"compiling 2 Scala sources to /home/priyoi/Files/Alo/Skype-Searchable-Archive/archive/target/scala-3.1.0/classes ..."})[0m
[0m[[0m[0mdebug[0m] [0m[0mjsonRpcNotify: JsonRpcNotificationMessage(2.0, build/publishDiagnostics, {"textDocument":{"uri":"file:///home/priyoi/Files/Alo/Skype-Searchable-Archive/archive/src/main/scala/Main.scala"},"buildTarget":{"uri":"file:/home/priyoi/Files/Alo/Skype-Searchable-Archive/archive/#root/Compile"},"diagnostics":[{"range":{"start":{"line":0,"character":7},"end":{"line":0,"character":15}},"severity":1,"source":"sbt","message":"value circe is not a member of io - did you mean io.Source?"}],"reset":false})[0m
[0m[[0m[31merror[0m] [0m[0m[31m-- [E008] Not Found Error: /home/priyoi/Files/Alo/Skype-Searchable-Archive/archive/src/main/scala/Main.scala:1:10 [0m[0m
[0m[[0m[31merror[0m] [0m[0m[31m1 |[0m[33mimport[0m io.circe._, io.circe.parser._[0m
[0m[[0m[31merror[0m] [0m[0m  |       [31m^^^^^^^^[0m[0m
[0m[[0m[31merror[0m] [0m[0m  |       value circe is not a member of io - did you mean io.Source?[0m
[0m[[0m[0mdebug[0m] [0m[0mjsonRpcNotify: JsonRpcNotificationMessage(2.0, build/logMessage, {"type":1,"message":"\u001b[31m-- [E008] Not Found Error: /home/priyoi/Files/Alo/Skype-Searchable-Archive/archive/src/main/scala/Main.scala:1:10 \u001b[0m\n\u001b[31m1 |\u001b[0m\u001b[33mimport\u001b[0m io.circe._, io.circe.parser._\n  |       \u001b[31m^^^^^^^^\u001b[0m\n  |       value circe is not a member of io - did you mean io.Source?"})[0m
[0m[[0m[31merror[0m] [0m[0mone error found[0m
[0m[[0m[0mdebug[0m] [0m[0mjsonRpcNotify: JsonRpcNotificationMessage(2.0, build/logMessage, {"type":1,"message":"one error found"})[0m
[0m[[0m[31merror[0m] [0m[0mone error found[0m
[0m[[0m[0mdebug[0m] [0m[0mjsonRpcNotify: JsonRpcNotificationMessage(2.0, build/logMessage, {"type":1,"message":"one error found"})[0m
[0m[[0m[0mdebug[0m] [0m[0mjsonRpcNotify: JsonRpcNotificationMessage(2.0, build/publishDiagnostics, {"textDocument":{"uri":"file:///home/priyoi/Files/Alo/Skype-Searchable-Archive/archive/src/main/scala/jsonparse.scala"},"buildTarget":{"uri":"file:/home/priyoi/Files/Alo/Skype-Searchable-Archive/archive/#root/Compile"},"diagnostics":[],"reset":true})[0m
[0m[[0m[0mdebug[0m] [0m[0mjsonRpcNotify: JsonRpcNotificationMessage(2.0, build/publishDiagnostics, {"textDocument":{"uri":"file:///home/priyoi/Files/Alo/Skype-Searchable-Archive/archive/src/main/scala/Main.scala"},"buildTarget":{"uri":"file:/home/priyoi/Files/Alo/Skype-Searchable-Archive/archive/#root/Compile"},"diagnostics":[{"range":{"start":{"line":0,"character":7},"end":{"line":0,"character":15}},"severity":1,"source":"sbt","message":"value circe is not a member of io - did you mean io.Source?"}],"reset":true})[0m
[0m[[0m[0mdebug[0m] [0m[0mjsonRpcNotify: JsonRpcNotificationMessage(2.0, build/taskFinish, {"taskId":{"id":"139","parents":[]},"eventTime":1643312245362,"message":"Compiled root","status":2,"dataKind":"compile-report","data":{"target":{"uri":"file:/home/priyoi/Files/Alo/Skype-Searchable-Archive/archive/#root/Compile"},"errors":1,"warnings":0,"time":622}})[0m
[0m[[0m[0mdebug[0m] [0m[0munmatched json error for requestId None: {"code":-32603,"message":"(Compile / \u001b[31mcompileIncremental\u001b[0m) Compilation failed"}[0m
[0m[[0m[31merror[0m] [0m[0m(Compile / [31mcompileIncremental[0m) Compilation failed[0m
[0m[[0m[0mdebug[0m] [0m[0mjsonRpcNotify: JsonRpcNotificationMessage(2.0, build/logMessage, {"type":1,"message":"(Compile / \u001b[31mcompileIncremental\u001b[0m) Compilation failed"})[0m
[0m[[0m[31merror[0m] [0m[0mTotal time: 1 s, completed Jan 28, 2022, 1:37:25 AM[0m
[0m[[0m[0mdebug[0m] [0m[0munmatched Done event for requestId None: None[0m
[0m[[0m[0mdebug[0m] [0m[0m> Exec(shell, None, None)[0m
[0m[[0m[0mdebug[0m] [0m[0mUnhandled notification received: textDocument/didClose: JsonRpcNotificationMessage(2.0, textDocument/didClose, {"textDocument":{"uri":"file:///home/priyoi/Files/Alo/Skype-Searchable-Archive/archive/src/test/scala/Test1.scala"}})[0m
